

*******************************************************************************
Mon Apr 18 13:44:09 2016


FIT:    data read from 'gsenergies.dat' using 1:2
        format = x:z
        #datapoints = 20
        residuals are weighted equally (unit weight)

function used for fitting: f(x)
fitted parameters initialized with current variable values



 Iteration 0
 WSSR        : 0.617215          delta(WSSR)/WSSR   : 0
 delta(WSSR) : 0                 limit for stopping : 1e-05
 lambda	  : 0.147918

initial set of free parameter values

c               = 1

After 3 iterations the fit converged.
final sum of squares of residuals : 0.388756
rel. change during last iteration : -3.32812e-10

degrees of freedom    (FIT_NDF)                        : 19
rms of residuals      (FIT_STDFIT) = sqrt(WSSR/ndf)    : 0.143041
variance of residuals (reduced chisquare) = WSSR/ndf   : 0.0204608

Final set of parameters            Asymptotic Standard Error
=======================            ==========================

c               = 0.277451         +/- 0.2162       (77.94%)


correlation matrix of the fit parameters:

               c      
c               1.000 


*******************************************************************************
Mon Apr 18 14:11:23 2016


FIT:    data read from 'gsenergies.dat' using 1:2
        format = x:z
        #datapoints = 19
        residuals are weighted equally (unit weight)

function used for fitting: f(x)
fitted parameters initialized with current variable values



 Iteration 0
 WSSR        : 0.553308          delta(WSSR)/WSSR   : 0
 delta(WSSR) : 0                 limit for stopping : 1e-05
 lambda	  : 0.092748

initial set of free parameter values

c               = 1

After 3 iterations the fit converged.
final sum of squares of residuals : 0.346568
rel. change during last iteration : -4.1268e-10

degrees of freedom    (FIT_NDF)                        : 18
rms of residuals      (FIT_STDFIT) = sqrt(WSSR/ndf)    : 0.138758
variance of residuals (reduced chisquare) = WSSR/ndf   : 0.0192538

Final set of parameters            Asymptotic Standard Error
=======================            ==========================

c               = -0.124686        +/- 0.3432       (275.3%)


correlation matrix of the fit parameters:

               c      
c               1.000 
